{"D:\\WORKING\\AIAL\\apps\\chat\\src\\components\\AppLayout.tsx": {"path":"D:\\WORKING\\AIAL\\apps\\chat\\src\\components\\AppLayout.tsx","statementMap":{"0":{"start":{"line":13,"column":2},"end":{"line":132,"column":null}}},"fnMap":{"0":{"name":"AppLayout","decl":{"start":{"line":12,"column":16},"end":{"line":12,"column":26}},"loc":{"start":{"line":12,"column":75},"end":{"line":132,"column":null}},"line":12}},"branchMap":{},"s":{"0":4},"f":{"0":4},"b":{},"meta":{"lastBranch":0,"lastFunction":1,"lastStatement":1,"seen":{"f:12:16:12:26":0,"s:13:2:132:Infinity":0}}}
,"D:\\WORKING\\AIAL\\apps\\chat\\src\\components\\ErrorBoundaries.tsx": {"path":"D:\\WORKING\\AIAL\\apps\\chat\\src\\components\\ErrorBoundaries.tsx","statementMap":{"0":{"start":{"line":44,"column":12},"end":{"line":45,"column":null}},"1":{"start":{"line":31,"column":4},"end":{"line":31,"column":null}},"2":{"start":{"line":32,"column":4},"end":{"line":32,"column":null}},"3":{"start":{"line":36,"column":4},"end":{"line":36,"column":null}},"4":{"start":{"line":40,"column":4},"end":{"line":40,"column":null}},"5":{"start":{"line":41,"column":4},"end":{"line":41,"column":null}},"6":{"start":{"line":45,"column":4},"end":{"line":45,"column":null}},"7":{"start":{"line":49,"column":4},"end":{"line":50,"column":null}},"8":{"start":{"line":50,"column":6},"end":{"line":50,"column":null}},"9":{"start":{"line":53,"column":25},"end":{"line":53,"column":null}},"10":{"start":{"line":54,"column":4},"end":{"line":55,"column":null}},"11":{"start":{"line":55,"column":6},"end":{"line":55,"column":null}},"12":{"start":{"line":57,"column":4},"end":{"line":57,"column":null}},"13":{"start":{"line":66,"column":6},"end":{"line":136,"column":null}},"14":{"start":{"line":73,"column":2},"end":{"line":136,"column":null}},"15":{"start":{"line":142,"column":4},"end":{"line":143,"column":null}},"16":{"start":{"line":143,"column":6},"end":{"line":143,"column":null}},"17":{"start":{"line":146,"column":25},"end":{"line":146,"column":null}},"18":{"start":{"line":147,"column":4},"end":{"line":148,"column":null}},"19":{"start":{"line":148,"column":6},"end":{"line":148,"column":null}},"20":{"start":{"line":150,"column":4},"end":{"line":150,"column":null}},"21":{"start":{"line":150,"column":18},"end":{"line":150,"column":null}},"22":{"start":{"line":152,"column":4},"end":{"line":152,"column":null}},"23":{"start":{"line":161,"column":6},"end":{"line":213,"column":null}},"24":{"start":{"line":168,"column":2},"end":{"line":213,"column":null}},"25":{"start":{"line":219,"column":4},"end":{"line":220,"column":null}},"26":{"start":{"line":220,"column":6},"end":{"line":220,"column":null}},"27":{"start":{"line":223,"column":25},"end":{"line":223,"column":null}},"28":{"start":{"line":224,"column":4},"end":{"line":225,"column":null}},"29":{"start":{"line":225,"column":6},"end":{"line":225,"column":null}},"30":{"start":{"line":227,"column":4},"end":{"line":227,"column":null}},"31":{"start":{"line":227,"column":18},"end":{"line":227,"column":null}},"32":{"start":{"line":229,"column":4},"end":{"line":229,"column":null}},"33":{"start":{"line":238,"column":6},"end":{"line":302,"column":null}},"34":{"start":{"line":245,"column":2},"end":{"line":302,"column":null}},"35":{"start":{"line":308,"column":4},"end":{"line":309,"column":null}},"36":{"start":{"line":309,"column":6},"end":{"line":309,"column":null}},"37":{"start":{"line":312,"column":25},"end":{"line":312,"column":null}},"38":{"start":{"line":313,"column":4},"end":{"line":314,"column":null}},"39":{"start":{"line":314,"column":6},"end":{"line":314,"column":null}},"40":{"start":{"line":316,"column":4},"end":{"line":316,"column":null}},"41":{"start":{"line":316,"column":18},"end":{"line":316,"column":null}},"42":{"start":{"line":318,"column":4},"end":{"line":318,"column":null}}},"fnMap":{"0":{"name":"(anonymous_0)","decl":{"start":{"line":30,"column":2},"end":{"line":30,"column":14}},"loc":{"start":{"line":30,"column":41},"end":{"line":32,"column":null}},"line":30},"1":{"name":"(anonymous_1)","decl":{"start":{"line":35,"column":9},"end":{"line":35,"column":34}},"loc":{"start":{"line":35,"column":68},"end":{"line":36,"column":null}},"line":35},"2":{"name":"(anonymous_2)","decl":{"start":{"line":39,"column":2},"end":{"line":39,"column":20}},"loc":{"start":{"line":39,"column":62},"end":{"line":41,"column":null}},"line":39},"3":{"name":"(anonymous_3)","decl":{"start":{"line":44,"column":12},"end":{"line":44,"column":32}},"loc":{"start":{"line":44,"column":32},"end":{"line":45,"column":null}},"line":44},"4":{"name":"(anonymous_4)","decl":{"start":{"line":48,"column":2},"end":{"line":48,"column":22}},"loc":{"start":{"line":48,"column":22},"end":{"line":57,"column":null}},"line":48},"5":{"name":"(anonymous_5)","decl":{"start":{"line":66,"column":6},"end":{"line":66,"column":26}},"loc":{"start":{"line":73,"column":2},"end":{"line":136,"column":null}},"line":73},"6":{"name":"(anonymous_6)","decl":{"start":{"line":141,"column":2},"end":{"line":141,"column":11}},"loc":{"start":{"line":141,"column":31},"end":{"line":152,"column":null}},"line":141},"7":{"name":"(anonymous_7)","decl":{"start":{"line":161,"column":6},"end":{"line":161,"column":27}},"loc":{"start":{"line":168,"column":2},"end":{"line":213,"column":null}},"line":168},"8":{"name":"(anonymous_8)","decl":{"start":{"line":218,"column":2},"end":{"line":218,"column":11}},"loc":{"start":{"line":218,"column":31},"end":{"line":229,"column":null}},"line":218},"9":{"name":"(anonymous_9)","decl":{"start":{"line":238,"column":6},"end":{"line":238,"column":29}},"loc":{"start":{"line":245,"column":2},"end":{"line":302,"column":null}},"line":245},"10":{"name":"(anonymous_10)","decl":{"start":{"line":307,"column":2},"end":{"line":307,"column":11}},"loc":{"start":{"line":307,"column":31},"end":{"line":318,"column":null}},"line":307}},"branchMap":{"0":{"loc":{"start":{"line":49,"column":4},"end":{"line":50,"column":null}},"type":"if","locations":[{"start":{"line":49,"column":4},"end":{"line":50,"column":null}},{"start":{},"end":{}}],"line":49},"1":{"loc":{"start":{"line":49,"column":8},"end":{"line":49,"column":51}},"type":"binary-expr","locations":[{"start":{"line":49,"column":8},"end":{"line":49,"column":32}},{"start":{"line":49,"column":32},"end":{"line":49,"column":51}}],"line":49},"2":{"loc":{"start":{"line":54,"column":4},"end":{"line":55,"column":null}},"type":"if","locations":[{"start":{"line":54,"column":4},"end":{"line":55,"column":null}},{"start":{},"end":{}}],"line":54},"3":{"loc":{"start":{"line":57,"column":11},"end":{"line":57,"column":null}},"type":"binary-expr","locations":[{"start":{"line":57,"column":11},"end":{"line":57,"column":23}},{"start":{"line":57,"column":23},"end":{"line":57,"column":null}}],"line":57},"4":{"loc":{"start":{"line":142,"column":4},"end":{"line":143,"column":null}},"type":"if","locations":[{"start":{"line":142,"column":4},"end":{"line":143,"column":null}},{"start":{},"end":{}}],"line":142},"5":{"loc":{"start":{"line":142,"column":8},"end":{"line":142,"column":51}},"type":"binary-expr","locations":[{"start":{"line":142,"column":8},"end":{"line":142,"column":32}},{"start":{"line":142,"column":32},"end":{"line":142,"column":51}}],"line":142},"6":{"loc":{"start":{"line":147,"column":4},"end":{"line":148,"column":null}},"type":"if","locations":[{"start":{"line":147,"column":4},"end":{"line":148,"column":null}},{"start":{},"end":{}}],"line":147},"7":{"loc":{"start":{"line":150,"column":4},"end":{"line":150,"column":null}},"type":"if","locations":[{"start":{"line":150,"column":4},"end":{"line":150,"column":null}},{"start":{},"end":{}}],"line":150},"8":{"loc":{"start":{"line":219,"column":4},"end":{"line":220,"column":null}},"type":"if","locations":[{"start":{"line":219,"column":4},"end":{"line":220,"column":null}},{"start":{},"end":{}}],"line":219},"9":{"loc":{"start":{"line":219,"column":8},"end":{"line":219,"column":51}},"type":"binary-expr","locations":[{"start":{"line":219,"column":8},"end":{"line":219,"column":32}},{"start":{"line":219,"column":32},"end":{"line":219,"column":51}}],"line":219},"10":{"loc":{"start":{"line":224,"column":4},"end":{"line":225,"column":null}},"type":"if","locations":[{"start":{"line":224,"column":4},"end":{"line":225,"column":null}},{"start":{},"end":{}}],"line":224},"11":{"loc":{"start":{"line":227,"column":4},"end":{"line":227,"column":null}},"type":"if","locations":[{"start":{"line":227,"column":4},"end":{"line":227,"column":null}},{"start":{},"end":{}}],"line":227},"12":{"loc":{"start":{"line":308,"column":4},"end":{"line":309,"column":null}},"type":"if","locations":[{"start":{"line":308,"column":4},"end":{"line":309,"column":null}},{"start":{},"end":{}}],"line":308},"13":{"loc":{"start":{"line":308,"column":8},"end":{"line":308,"column":51}},"type":"binary-expr","locations":[{"start":{"line":308,"column":8},"end":{"line":308,"column":32}},{"start":{"line":308,"column":32},"end":{"line":308,"column":51}}],"line":308},"14":{"loc":{"start":{"line":313,"column":4},"end":{"line":314,"column":null}},"type":"if","locations":[{"start":{"line":313,"column":4},"end":{"line":314,"column":null}},{"start":{},"end":{}}],"line":313},"15":{"loc":{"start":{"line":316,"column":4},"end":{"line":316,"column":null}},"type":"if","locations":[{"start":{"line":316,"column":4},"end":{"line":316,"column":null}},{"start":{},"end":{}}],"line":316}},"s":{"0":3,"1":56,"2":56,"3":46,"4":23,"5":23,"6":3,"7":0,"8":0,"9":0,"10":0,"11":0,"12":0,"13":2,"14":14,"15":44,"16":24,"17":20,"18":20,"19":4,"20":16,"21":2,"22":14,"23":2,"24":13,"25":29,"26":16,"27":13,"28":13,"29":0,"30":13,"31":0,"32":13,"33":2,"34":14,"35":30,"36":16,"37":14,"38":14,"39":0,"40":14,"41":0,"42":14},"f":{"0":56,"1":2,"2":23,"3":3,"4":0,"5":14,"6":44,"7":13,"8":29,"9":14,"10":30},"b":{"0":[0,0],"1":[0,0],"2":[0,0],"3":[0,0],"4":[24,20],"5":[44,20],"6":[4,16],"7":[2,14],"8":[16,13],"9":[29,13],"10":[0,13],"11":[0,13],"12":[16,14],"13":[30,14],"14":[0,14],"15":[0,14]},"meta":{"lastBranch":16,"lastFunction":11,"lastStatement":43,"seen":{"s:44:12:45:Infinity":0,"f:30:2:30:14":0,"s:31:4:31:Infinity":1,"s:32:4:32:Infinity":2,"f:35:9:35:34":1,"s:36:4:36:Infinity":3,"f:39:2:39:20":2,"s:40:4:40:Infinity":4,"s:41:4:41:Infinity":5,"f:44:12:44:32":3,"s:45:4:45:Infinity":6,"f:48:2:48:22":4,"b:49:4:50:Infinity:undefined:undefined:undefined:undefined":0,"s:49:4:50:Infinity":7,"b:49:8:49:32:49:32:49:51":1,"s:50:6:50:Infinity":8,"s:53:25:53:Infinity":9,"b:54:4:55:Infinity:undefined:undefined:undefined:undefined":2,"s:54:4:55:Infinity":10,"s:55:6:55:Infinity":11,"s:57:4:57:Infinity":12,"b:57:11:57:23:57:23:57:Infinity":3,"s:66:6:136:Infinity":13,"f:66:6:66:26":5,"s:73:2:136:Infinity":14,"f:141:2:141:11":6,"b:142:4:143:Infinity:undefined:undefined:undefined:undefined":4,"s:142:4:143:Infinity":15,"b:142:8:142:32:142:32:142:51":5,"s:143:6:143:Infinity":16,"s:146:25:146:Infinity":17,"b:147:4:148:Infinity:undefined:undefined:undefined:undefined":6,"s:147:4:148:Infinity":18,"s:148:6:148:Infinity":19,"b:150:4:150:Infinity:undefined:undefined:undefined:undefined":7,"s:150:4:150:Infinity":20,"s:150:18:150:Infinity":21,"s:152:4:152:Infinity":22,"s:161:6:213:Infinity":23,"f:161:6:161:27":7,"s:168:2:213:Infinity":24,"f:218:2:218:11":8,"b:219:4:220:Infinity:undefined:undefined:undefined:undefined":8,"s:219:4:220:Infinity":25,"b:219:8:219:32:219:32:219:51":9,"s:220:6:220:Infinity":26,"s:223:25:223:Infinity":27,"b:224:4:225:Infinity:undefined:undefined:undefined:undefined":10,"s:224:4:225:Infinity":28,"s:225:6:225:Infinity":29,"b:227:4:227:Infinity:undefined:undefined:undefined:undefined":11,"s:227:4:227:Infinity":30,"s:227:18:227:Infinity":31,"s:229:4:229:Infinity":32,"s:238:6:302:Infinity":33,"f:238:6:238:29":9,"s:245:2:302:Infinity":34,"f:307:2:307:11":10,"b:308:4:309:Infinity:undefined:undefined:undefined:undefined":12,"s:308:4:309:Infinity":35,"b:308:8:308:32:308:32:308:51":13,"s:309:6:309:Infinity":36,"s:312:25:312:Infinity":37,"b:313:4:314:Infinity:undefined:undefined:undefined:undefined":14,"s:313:4:314:Infinity":38,"s:314:6:314:Infinity":39,"b:316:4:316:Infinity:undefined:undefined:undefined:undefined":15,"s:316:4:316:Infinity":40,"s:316:18:316:Infinity":41,"s:318:4:318:Infinity":42}}}
,"D:\\WORKING\\AIAL\\apps\\chat\\src\\components\\streaming\\ConnectionStatusBanner.tsx": {"path":"D:\\WORKING\\AIAL\\apps\\chat\\src\\components\\streaming\\ConnectionStatusBanner.tsx","statementMap":{"0":{"start":{"line":10,"column":8},"end":{"line":10,"column":48}},"1":{"start":{"line":10,"column":37},"end":{"line":10,"column":48}},"2":{"start":{"line":11,"column":8},"end":{"line":11,"column":50}},"3":{"start":{"line":11,"column":38},"end":{"line":11,"column":50}},"4":{"start":{"line":14,"column":2},"end":{"line":25,"column":null}},"5":{"start":{"line":15,"column":10},"end":{"line":15,"column":52}},"6":{"start":{"line":15,"column":37},"end":{"line":15,"column":52}},"7":{"start":{"line":16,"column":10},"end":{"line":16,"column":54}},"8":{"start":{"line":16,"column":38},"end":{"line":16,"column":54}},"9":{"start":{"line":18,"column":4},"end":{"line":18,"column":null}},"10":{"start":{"line":19,"column":4},"end":{"line":19,"column":null}},"11":{"start":{"line":21,"column":4},"end":{"line":23,"column":null}},"12":{"start":{"line":22,"column":6},"end":{"line":22,"column":null}},"13":{"start":{"line":23,"column":6},"end":{"line":23,"column":null}},"14":{"start":{"line":27,"column":2},"end":{"line":27,"column":null}},"15":{"start":{"line":27,"column":16},"end":{"line":27,"column":null}},"16":{"start":{"line":29,"column":2},"end":{"line":52,"column":null}}},"fnMap":{"0":{"name":"ConnectionStatusBanner","decl":{"start":{"line":9,"column":16},"end":{"line":9,"column":67}},"loc":{"start":{"line":9,"column":67},"end":{"line":52,"column":null}},"line":9},"1":{"name":"(anonymous_1)","decl":{"start":{"line":10,"column":19},"end":{"line":10,"column":31}},"loc":{"start":{"line":10,"column":37},"end":{"line":10,"column":48}},"line":10},"2":{"name":"(anonymous_2)","decl":{"start":{"line":11,"column":20},"end":{"line":11,"column":32}},"loc":{"start":{"line":11,"column":38},"end":{"line":11,"column":50}},"line":11},"3":{"name":"(anonymous_3)","decl":{"start":{"line":14,"column":2},"end":{"line":14,"column":18}},"loc":{"start":{"line":14,"column":18},"end":{"line":25,"column":6}},"line":14},"4":{"name":"(anonymous_4)","decl":{"start":{"line":15,"column":10},"end":{"line":15,"column":37}},"loc":{"start":{"line":15,"column":37},"end":{"line":15,"column":52}},"line":15},"5":{"name":"(anonymous_5)","decl":{"start":{"line":16,"column":10},"end":{"line":16,"column":38}},"loc":{"start":{"line":16,"column":38},"end":{"line":16,"column":54}},"line":16},"6":{"name":"(anonymous_6)","decl":{"start":{"line":21,"column":4},"end":{"line":21,"column":23}},"loc":{"start":{"line":21,"column":23},"end":{"line":23,"column":null}},"line":21}},"branchMap":{"0":{"loc":{"start":{"line":27,"column":2},"end":{"line":27,"column":null}},"type":"if","locations":[{"start":{"line":27,"column":2},"end":{"line":27,"column":null}},{"start":{},"end":{}}],"line":27}},"s":{"0":4,"1":10,"2":4,"3":10,"4":4,"5":2,"6":0,"7":2,"8":1,"9":2,"10":2,"11":2,"12":2,"13":2,"14":4,"15":2,"16":1},"f":{"0":4,"1":10,"2":10,"3":2,"4":0,"5":1,"6":2},"b":{"0":[2,2]},"meta":{"lastBranch":1,"lastFunction":7,"lastStatement":17,"seen":{"f:9:16:9:67":0,"s:10:8:10:48":0,"f:10:19:10:31":1,"s:10:37:10:48":1,"s:11:8:11:50":2,"f:11:20:11:32":2,"s:11:38:11:50":3,"s:14:2:25:Infinity":4,"f:14:2:14:18":3,"s:15:10:15:52":5,"f:15:10:15:37":4,"s:15:37:15:52":6,"s:16:10:16:54":7,"f:16:10:16:38":5,"s:16:38:16:54":8,"s:18:4:18:Infinity":9,"s:19:4:19:Infinity":10,"s:21:4:23:Infinity":11,"f:21:4:21:23":6,"s:22:6:22:Infinity":12,"s:23:6:23:Infinity":13,"b:27:2:27:Infinity:undefined:undefined:undefined:undefined":0,"s:27:2:27:Infinity":14,"s:27:16:27:Infinity":15,"s:29:2:52:Infinity":16}}}
,"D:\\WORKING\\AIAL\\apps\\chat\\src\\hooks\\useSSEStream.ts": {"path":"D:\\WORKING\\AIAL\\apps\\chat\\src\\hooks\\useSSEStream.ts","statementMap":{"0":{"start":{"line":52,"column":35},"end":{"line":57,"column":null}},"1":{"start":{"line":61,"column":16},"end":{"line":61,"column":48}},"2":{"start":{"line":62,"column":2},"end":{"line":62,"column":null}},"3":{"start":{"line":91,"column":6},"end":{"line":91,"column":null}},"4":{"start":{"line":93,"column":16},"end":{"line":93,"column":92}},"5":{"start":{"line":96,"column":8},"end":{"line":96,"column":65}},"6":{"start":{"line":97,"column":8},"end":{"line":97,"column":33}},"7":{"start":{"line":98,"column":8},"end":{"line":98,"column":76}},"8":{"start":{"line":99,"column":8},"end":{"line":99,"column":35}},"9":{"start":{"line":102,"column":8},"end":{"line":102,"column":28}},"10":{"start":{"line":103,"column":8},"end":{"line":103,"column":32}},"11":{"start":{"line":104,"column":2},"end":{"line":104,"column":null}},"12":{"start":{"line":105,"column":2},"end":{"line":105,"column":null}},"13":{"start":{"line":107,"column":8},"end":{"line":111,"column":8}},"14":{"start":{"line":108,"column":4},"end":{"line":109,"column":null}},"15":{"start":{"line":109,"column":6},"end":{"line":109,"column":null}},"16":{"start":{"line":109,"column":24},"end":{"line":109,"column":45}},"17":{"start":{"line":117,"column":8},"end":{"line":165,"column":8}},"18":{"start":{"line":119,"column":4},"end":{"line":119,"column":null}},"19":{"start":{"line":121,"column":4},"end":{"line":123,"column":null}},"20":{"start":{"line":122,"column":6},"end":{"line":122,"column":null}},"21":{"start":{"line":123,"column":6},"end":{"line":123,"column":null}},"22":{"start":{"line":126,"column":23},"end":{"line":126,"column":44}},"23":{"start":{"line":127,"column":4},"end":{"line":127,"column":null}},"24":{"start":{"line":129,"column":4},"end":{"line":134,"column":null}},"25":{"start":{"line":153,"column":4},"end":{"line":153,"column":null}},"26":{"start":{"line":154,"column":4},"end":{"line":154,"column":null}},"27":{"start":{"line":157,"column":4},"end":{"line":163,"column":null}},"28":{"start":{"line":158,"column":6},"end":{"line":163,"column":null}},"29":{"start":{"line":167,"column":8},"end":{"line":179,"column":26}},"30":{"start":{"line":168,"column":4},"end":{"line":168,"column":null}},"31":{"start":{"line":169,"column":4},"end":{"line":169,"column":null}},"32":{"start":{"line":171,"column":4},"end":{"line":173,"column":null}},"33":{"start":{"line":172,"column":6},"end":{"line":172,"column":null}},"34":{"start":{"line":173,"column":6},"end":{"line":173,"column":null}},"35":{"start":{"line":176,"column":4},"end":{"line":176,"column":null}},"36":{"start":{"line":177,"column":4},"end":{"line":177,"column":null}},"37":{"start":{"line":178,"column":4},"end":{"line":178,"column":null}},"38":{"start":{"line":181,"column":8},"end":{"line":184,"column":13}},"39":{"start":{"line":182,"column":4},"end":{"line":182,"column":null}},"40":{"start":{"line":183,"column":4},"end":{"line":183,"column":null}},"41":{"start":{"line":187,"column":2},"end":{"line":192,"column":null}},"42":{"start":{"line":188,"column":4},"end":{"line":189,"column":null}},"43":{"start":{"line":189,"column":6},"end":{"line":189,"column":null}},"44":{"start":{"line":195,"column":2},"end":{"line":204,"column":null}},"45":{"start":{"line":196,"column":4},"end":{"line":196,"column":null}},"46":{"start":{"line":197,"column":4},"end":{"line":201,"column":null}},"47":{"start":{"line":198,"column":6},"end":{"line":198,"column":null}},"48":{"start":{"line":199,"column":6},"end":{"line":199,"column":null}},"49":{"start":{"line":200,"column":6},"end":{"line":201,"column":null}},"50":{"start":{"line":201,"column":8},"end":{"line":201,"column":null}},"51":{"start":{"line":207,"column":2},"end":{"line":207,"column":null}},"52":{"start":{"line":208,"column":2},"end":{"line":208,"column":null}},"53":{"start":{"line":209,"column":2},"end":{"line":209,"column":null}},"54":{"start":{"line":210,"column":2},"end":{"line":210,"column":null}},"55":{"start":{"line":211,"column":2},"end":{"line":211,"column":null}},"56":{"start":{"line":213,"column":2},"end":{"line":213,"column":null}}},"fnMap":{"0":{"name":"computeBackoffDelay","decl":{"start":{"line":59,"column":9},"end":{"line":59,"column":29}},"loc":{"start":{"line":59,"column":73},"end":{"line":62,"column":null}},"line":59},"1":{"name":"useSSEStream","decl":{"start":{"line":79,"column":16},"end":{"line":79,"column":null}},"loc":{"start":{"line":82,"column":25},"end":{"line":213,"column":null}},"line":82},"2":{"name":"(anonymous_2)","decl":{"start":{"line":107,"column":20},"end":{"line":107,"column":33}},"loc":{"start":{"line":107,"column":58},"end":{"line":111,"column":7}},"line":107},"3":{"name":"(anonymous_3)","decl":{"start":{"line":109,"column":6},"end":{"line":109,"column":15}},"loc":{"start":{"line":109,"column":24},"end":{"line":109,"column":45}},"line":109},"4":{"name":"(anonymous_4)","decl":{"start":{"line":117,"column":18},"end":{"line":117,"column":36}},"loc":{"start":{"line":117,"column":36},"end":{"line":165,"column":7}},"line":117},"5":{"name":"(anonymous_5)","decl":{"start":{"line":167,"column":16},"end":{"line":167,"column":34}},"loc":{"start":{"line":167,"column":34},"end":{"line":179,"column":6}},"line":167},"6":{"name":"(anonymous_6)","decl":{"start":{"line":181,"column":16},"end":{"line":181,"column":34}},"loc":{"start":{"line":181,"column":34},"end":{"line":184,"column":6}},"line":181},"7":{"name":"(anonymous_7)","decl":{"start":{"line":187,"column":2},"end":{"line":187,"column":18}},"loc":{"start":{"line":187,"column":18},"end":{"line":192,"column":7}},"line":187},"8":{"name":"(anonymous_8)","decl":{"start":{"line":195,"column":2},"end":{"line":195,"column":18}},"loc":{"start":{"line":195,"column":18},"end":{"line":204,"column":7}},"line":195},"9":{"name":"(anonymous_9)","decl":{"start":{"line":197,"column":4},"end":{"line":197,"column":17}},"loc":{"start":{"line":197,"column":17},"end":{"line":201,"column":null}},"line":197}},"branchMap":{"0":{"loc":{"start":{"line":81,"column":2},"end":{"line":81,"column":26}},"type":"default-arg","locations":[{"start":{"line":81,"column":24},"end":{"line":81,"column":26}}],"line":81},"1":{"loc":{"start":{"line":85,"column":4},"end":{"line":85,"column":null}},"type":"default-arg","locations":[{"start":{"line":85,"column":18},"end":{"line":85,"column":null}}],"line":85},"2":{"loc":{"start":{"line":86,"column":4},"end":{"line":86,"column":null}},"type":"default-arg","locations":[{"start":{"line":86,"column":17},"end":{"line":86,"column":null}}],"line":86},"3":{"loc":{"start":{"line":87,"column":4},"end":{"line":87,"column":null}},"type":"default-arg","locations":[{"start":{"line":87,"column":21},"end":{"line":87,"column":null}}],"line":87},"4":{"loc":{"start":{"line":108,"column":4},"end":{"line":109,"column":null}},"type":"if","locations":[{"start":{"line":108,"column":4},"end":{"line":109,"column":null}},{"start":{},"end":{}}],"line":108},"5":{"loc":{"start":{"line":121,"column":4},"end":{"line":123,"column":null}},"type":"if","locations":[{"start":{"line":121,"column":4},"end":{"line":123,"column":null}},{"start":{},"end":{}}],"line":121},"6":{"loc":{"start":{"line":157,"column":4},"end":{"line":163,"column":null}},"type":"if","locations":[{"start":{"line":157,"column":4},"end":{"line":163,"column":null}},{"start":{},"end":{}}],"line":157},"7":{"loc":{"start":{"line":171,"column":4},"end":{"line":173,"column":null}},"type":"if","locations":[{"start":{"line":171,"column":4},"end":{"line":173,"column":null}},{"start":{},"end":{}}],"line":171},"8":{"loc":{"start":{"line":188,"column":4},"end":{"line":189,"column":null}},"type":"if","locations":[{"start":{"line":188,"column":4},"end":{"line":189,"column":null}},{"start":{},"end":{}}],"line":188},"9":{"loc":{"start":{"line":200,"column":6},"end":{"line":201,"column":null}},"type":"if","locations":[{"start":{"line":200,"column":6},"end":{"line":201,"column":null}},{"start":{},"end":{}}],"line":200}},"s":{"0":1,"1":0,"2":0,"3":17,"4":17,"5":17,"6":17,"7":17,"8":17,"9":17,"10":17,"11":17,"12":17,"13":17,"14":2,"15":2,"16":2,"17":17,"18":6,"19":6,"20":0,"21":0,"22":6,"23":6,"24":6,"25":6,"26":6,"27":6,"28":6,"29":17,"30":2,"31":2,"32":2,"33":0,"34":0,"35":2,"36":2,"37":2,"38":17,"39":1,"40":1,"41":17,"42":12,"43":0,"44":17,"45":12,"46":12,"47":12,"48":12,"49":12,"50":0,"51":17,"52":17,"53":17,"54":17,"55":17,"56":17},"f":{"0":0,"1":17,"2":2,"3":2,"4":6,"5":2,"6":1,"7":12,"8":12,"9":12},"b":{"0":[17],"1":[17],"2":[17],"3":[17],"4":[2,0],"5":[0,6],"6":[6,0],"7":[0,2],"8":[0,12],"9":[0,12]},"meta":{"lastBranch":10,"lastFunction":10,"lastStatement":57,"seen":{"s:52:35:57:Infinity":0,"f:59:9:59:29":0,"s:61:16:61:48":1,"s:62:2:62:Infinity":2,"f:79:16:79:Infinity":1,"b:81:24:81:26":0,"s:91:6:91:Infinity":3,"b:85:18:85:Infinity":1,"b:86:17:86:Infinity":2,"b:87:21:87:Infinity":3,"s:93:16:93:92":4,"s:96:8:96:65":5,"s:97:8:97:33":6,"s:98:8:98:76":7,"s:99:8:99:35":8,"s:102:8:102:28":9,"s:103:8:103:32":10,"s:104:2:104:Infinity":11,"s:105:2:105:Infinity":12,"s:107:8:111:8":13,"f:107:20:107:33":2,"b:108:4:109:Infinity:undefined:undefined:undefined:undefined":4,"s:108:4:109:Infinity":14,"s:109:6:109:Infinity":15,"f:109:6:109:15":3,"s:109:24:109:45":16,"s:117:8:165:8":17,"f:117:18:117:36":4,"s:119:4:119:Infinity":18,"b:121:4:123:Infinity:undefined:undefined:undefined:undefined":5,"s:121:4:123:Infinity":19,"s:122:6:122:Infinity":20,"s:123:6:123:Infinity":21,"s:126:23:126:44":22,"s:127:4:127:Infinity":23,"s:129:4:134:Infinity":24,"s:153:4:153:Infinity":25,"s:154:4:154:Infinity":26,"b:157:4:163:Infinity:undefined:undefined:undefined:undefined":6,"s:157:4:163:Infinity":27,"s:158:6:163:Infinity":28,"s:167:8:179:26":29,"f:167:16:167:34":5,"s:168:4:168:Infinity":30,"s:169:4:169:Infinity":31,"b:171:4:173:Infinity:undefined:undefined:undefined:undefined":7,"s:171:4:173:Infinity":32,"s:172:6:172:Infinity":33,"s:173:6:173:Infinity":34,"s:176:4:176:Infinity":35,"s:177:4:177:Infinity":36,"s:178:4:178:Infinity":37,"s:181:8:184:13":38,"f:181:16:181:34":6,"s:182:4:182:Infinity":39,"s:183:4:183:Infinity":40,"s:187:2:192:Infinity":41,"f:187:2:187:18":7,"b:188:4:189:Infinity:undefined:undefined:undefined:undefined":8,"s:188:4:189:Infinity":42,"s:189:6:189:Infinity":43,"s:195:2:204:Infinity":44,"f:195:2:195:18":8,"s:196:4:196:Infinity":45,"s:197:4:201:Infinity":46,"f:197:4:197:17":9,"s:198:6:198:Infinity":47,"s:199:6:199:Infinity":48,"b:200:6:201:Infinity:undefined:undefined:undefined:undefined":9,"s:200:6:201:Infinity":49,"s:201:8:201:Infinity":50,"s:207:2:207:Infinity":51,"s:208:2:208:Infinity":52,"s:209:2:209:Infinity":53,"s:210:2:210:Infinity":54,"s:211:2:211:Infinity":55,"s:213:2:213:Infinity":56}}}
,"D:\\WORKING\\AIAL\\apps\\chat\\src\\stores\\streamStore.ts": {"path":"D:\\WORKING\\AIAL\\apps\\chat\\src\\stores\\streamStore.ts","statementMap":{"0":{"start":{"line":32,"column":13},"end":{"line":144,"column":null}},"1":{"start":{"line":34,"column":14},"end":{"line":142,"column":null}},"2":{"start":{"line":38,"column":8},"end":{"line":51,"column":null}},"3":{"start":{"line":39,"column":22},"end":{"line":48,"column":null}},"4":{"start":{"line":55,"column":8},"end":{"line":70,"column":null}},"5":{"start":{"line":56,"column":22},"end":{"line":67,"column":null}},"6":{"start":{"line":74,"column":8},"end":{"line":90,"column":null}},"7":{"start":{"line":76,"column":29},"end":{"line":76,"column":null}},"8":{"start":{"line":77,"column":12},"end":{"line":77,"column":null}},"9":{"start":{"line":77,"column":27},"end":{"line":77,"column":null}},"10":{"start":{"line":78,"column":12},"end":{"line":87,"column":null}},"11":{"start":{"line":94,"column":8},"end":{"line":110,"column":null}},"12":{"start":{"line":96,"column":29},"end":{"line":96,"column":null}},"13":{"start":{"line":97,"column":12},"end":{"line":97,"column":null}},"14":{"start":{"line":97,"column":27},"end":{"line":97,"column":null}},"15":{"start":{"line":98,"column":12},"end":{"line":107,"column":null}},"16":{"start":{"line":114,"column":8},"end":{"line":130,"column":null}},"17":{"start":{"line":116,"column":29},"end":{"line":116,"column":null}},"18":{"start":{"line":117,"column":12},"end":{"line":117,"column":null}},"19":{"start":{"line":117,"column":27},"end":{"line":117,"column":null}},"20":{"start":{"line":118,"column":12},"end":{"line":127,"column":null}},"21":{"start":{"line":134,"column":8},"end":{"line":140,"column":null}},"22":{"start":{"line":136,"column":41},"end":{"line":136,"column":null}},"23":{"start":{"line":137,"column":12},"end":{"line":137,"column":null}}},"fnMap":{"0":{"name":"(anonymous_0)","decl":{"start":{"line":33,"column":2},"end":{"line":33,"column":null}},"loc":{"start":{"line":34,"column":14},"end":{"line":142,"column":null}},"line":34},"1":{"name":"(anonymous_1)","decl":{"start":{"line":37,"column":6},"end":{"line":37,"column":20}},"loc":{"start":{"line":38,"column":8},"end":{"line":51,"column":null}},"line":38},"2":{"name":"(anonymous_2)","decl":{"start":{"line":38,"column":8},"end":{"line":38,"column":null}},"loc":{"start":{"line":39,"column":22},"end":{"line":48,"column":null}},"line":39},"3":{"name":"(anonymous_3)","decl":{"start":{"line":54,"column":6},"end":{"line":54,"column":24}},"loc":{"start":{"line":55,"column":8},"end":{"line":70,"column":null}},"line":55},"4":{"name":"(anonymous_4)","decl":{"start":{"line":55,"column":8},"end":{"line":55,"column":null}},"loc":{"start":{"line":56,"column":22},"end":{"line":67,"column":null}},"line":56},"5":{"name":"(anonymous_5)","decl":{"start":{"line":73,"column":6},"end":{"line":73,"column":20}},"loc":{"start":{"line":74,"column":8},"end":{"line":90,"column":null}},"line":74},"6":{"name":"(anonymous_6)","decl":{"start":{"line":74,"column":8},"end":{"line":74,"column":null}},"loc":{"start":{"line":75,"column":21},"end":{"line":89,"column":null}},"line":75},"7":{"name":"(anonymous_7)","decl":{"start":{"line":93,"column":6},"end":{"line":93,"column":23}},"loc":{"start":{"line":94,"column":8},"end":{"line":110,"column":null}},"line":94},"8":{"name":"(anonymous_8)","decl":{"start":{"line":94,"column":8},"end":{"line":94,"column":null}},"loc":{"start":{"line":95,"column":21},"end":{"line":109,"column":null}},"line":95},"9":{"name":"(anonymous_9)","decl":{"start":{"line":113,"column":6},"end":{"line":113,"column":20}},"loc":{"start":{"line":114,"column":8},"end":{"line":130,"column":null}},"line":114},"10":{"name":"(anonymous_10)","decl":{"start":{"line":114,"column":8},"end":{"line":114,"column":null}},"loc":{"start":{"line":115,"column":21},"end":{"line":129,"column":null}},"line":115},"11":{"name":"(anonymous_11)","decl":{"start":{"line":133,"column":6},"end":{"line":133,"column":20}},"loc":{"start":{"line":134,"column":8},"end":{"line":140,"column":null}},"line":134},"12":{"name":"(anonymous_12)","decl":{"start":{"line":134,"column":8},"end":{"line":134,"column":null}},"loc":{"start":{"line":135,"column":21},"end":{"line":139,"column":null}},"line":135}},"branchMap":{"0":{"loc":{"start":{"line":59,"column":20},"end":{"line":65,"column":null}},"type":"cond-expr","locations":[{"start":{"line":60,"column":18},"end":{"line":60,"column":null}},{"start":{"line":61,"column":18},"end":{"line":65,"column":null}}],"line":59},"1":{"loc":{"start":{"line":77,"column":12},"end":{"line":77,"column":null}},"type":"if","locations":[{"start":{"line":77,"column":12},"end":{"line":77,"column":null}},{"start":{},"end":{}}],"line":77},"2":{"loc":{"start":{"line":97,"column":12},"end":{"line":97,"column":null}},"type":"if","locations":[{"start":{"line":97,"column":12},"end":{"line":97,"column":null}},{"start":{},"end":{}}],"line":97},"3":{"loc":{"start":{"line":117,"column":12},"end":{"line":117,"column":null}},"type":"if","locations":[{"start":{"line":117,"column":12},"end":{"line":117,"column":null}},{"start":{},"end":{}}],"line":117}},"s":{"0":1,"1":1,"2":7,"3":7,"4":1,"5":1,"6":3,"7":3,"8":3,"9":0,"10":3,"11":1,"12":1,"13":1,"14":0,"15":1,"16":1,"17":1,"18":1,"19":0,"20":1,"21":1,"22":1,"23":1},"f":{"0":1,"1":7,"2":7,"3":1,"4":1,"5":3,"6":3,"7":1,"8":1,"9":1,"10":1,"11":1,"12":1},"b":{"0":[1,0],"1":[0,3],"2":[0,1],"3":[0,1]},"meta":{"lastBranch":4,"lastFunction":13,"lastStatement":24,"seen":{"s:32:13:144:Infinity":0,"f:33:2:33:Infinity":0,"s:34:14:142:Infinity":1,"f:37:6:37:20":1,"s:38:8:51:Infinity":2,"f:38:8:38:Infinity":2,"s:39:22:48:Infinity":3,"f:54:6:54:24":3,"s:55:8:70:Infinity":4,"f:55:8:55:Infinity":4,"s:56:22:67:Infinity":5,"b:60:18:60:Infinity:61:18:65:Infinity":0,"f:73:6:73:20":5,"s:74:8:90:Infinity":6,"f:74:8:74:Infinity":6,"s:76:29:76:Infinity":7,"b:77:12:77:Infinity:undefined:undefined:undefined:undefined":1,"s:77:12:77:Infinity":8,"s:77:27:77:Infinity":9,"s:78:12:87:Infinity":10,"f:93:6:93:23":7,"s:94:8:110:Infinity":11,"f:94:8:94:Infinity":8,"s:96:29:96:Infinity":12,"b:97:12:97:Infinity:undefined:undefined:undefined:undefined":2,"s:97:12:97:Infinity":13,"s:97:27:97:Infinity":14,"s:98:12:107:Infinity":15,"f:113:6:113:20":9,"s:114:8:130:Infinity":16,"f:114:8:114:Infinity":10,"s:116:29:116:Infinity":17,"b:117:12:117:Infinity:undefined:undefined:undefined:undefined":3,"s:117:12:117:Infinity":18,"s:117:27:117:Infinity":19,"s:118:12:127:Infinity":20,"f:133:6:133:20":11,"s:134:8:140:Infinity":21,"f:134:8:134:Infinity":12,"s:136:41:136:Infinity":22,"s:137:12:137:Infinity":23}}}
,"D:\\WORKING\\AIAL\\apps\\chat\\src\\stores\\uiStore.ts": {"path":"D:\\WORKING\\AIAL\\apps\\chat\\src\\stores\\uiStore.ts","statementMap":{"0":{"start":{"line":24,"column":13},"end":{"line":54,"column":null}},"1":{"start":{"line":27,"column":16},"end":{"line":47,"column":null}},"2":{"start":{"line":30,"column":10},"end":{"line":33,"column":null}},"3":{"start":{"line":31,"column":24},"end":{"line":31,"column":63}},"4":{"start":{"line":36,"column":10},"end":{"line":36,"column":66}},"5":{"start":{"line":40,"column":10},"end":{"line":40,"column":62}},"6":{"start":{"line":42,"column":10},"end":{"line":42,"column":60}},"7":{"start":{"line":46,"column":10},"end":{"line":46,"column":null}},"8":{"start":{"line":50,"column":32},"end":{"line":50,"column":70}}},"fnMap":{"0":{"name":"(anonymous_0)","decl":{"start":{"line":26,"column":4},"end":{"line":26,"column":null}},"loc":{"start":{"line":27,"column":16},"end":{"line":47,"column":null}},"line":27},"1":{"name":"(anonymous_1)","decl":{"start":{"line":29,"column":8},"end":{"line":29,"column":null}},"loc":{"start":{"line":30,"column":10},"end":{"line":33,"column":null}},"line":30},"2":{"name":"(anonymous_2)","decl":{"start":{"line":30,"column":10},"end":{"line":30,"column":null}},"loc":{"start":{"line":31,"column":24},"end":{"line":31,"column":63}},"line":31},"3":{"name":"(anonymous_3)","decl":{"start":{"line":35,"column":8},"end":{"line":35,"column":25}},"loc":{"start":{"line":36,"column":10},"end":{"line":36,"column":66}},"line":36},"4":{"name":"(anonymous_4)","decl":{"start":{"line":39,"column":8},"end":{"line":39,"column":20}},"loc":{"start":{"line":40,"column":10},"end":{"line":40,"column":62}},"line":40},"5":{"name":"(anonymous_5)","decl":{"start":{"line":41,"column":8},"end":{"line":41,"column":null}},"loc":{"start":{"line":42,"column":10},"end":{"line":42,"column":60}},"line":42},"6":{"name":"(anonymous_6)","decl":{"start":{"line":45,"column":8},"end":{"line":45,"column":20}},"loc":{"start":{"line":46,"column":10},"end":{"line":46,"column":null}},"line":46},"7":{"name":"(anonymous_7)","decl":{"start":{"line":50,"column":8},"end":{"line":50,"column":21}},"loc":{"start":{"line":50,"column":32},"end":{"line":50,"column":70}},"line":50}},"branchMap":{},"s":{"0":2,"1":2,"2":2,"3":2,"4":2,"5":2,"6":1,"7":3,"8":16},"f":{"0":2,"1":2,"2":2,"3":2,"4":2,"5":1,"6":3,"7":16},"b":{},"meta":{"lastBranch":0,"lastFunction":8,"lastStatement":9,"seen":{"s:24:13:54:Infinity":0,"f:26:4:26:Infinity":0,"s:27:16:47:Infinity":1,"f:29:8:29:Infinity":1,"s:30:10:33:Infinity":2,"f:30:10:30:Infinity":2,"s:31:24:31:63":3,"f:35:8:35:25":3,"s:36:10:36:66":4,"f:39:8:39:20":4,"s:40:10:40:62":5,"f:41:8:41:Infinity":5,"s:42:10:42:60":6,"f:45:8:45:20":6,"s:46:10:46:Infinity":7,"f:50:8:50:21":7,"s:50:32:50:70":8}}}
,"D:\\WORKING\\AIAL\\apps\\chat\\src\\utils\\errorMessages.ts": {"path":"D:\\WORKING\\AIAL\\apps\\chat\\src\\utils\\errorMessages.ts","statementMap":{"0":{"start":{"line":8,"column":47},"end":{"line":18,"column":null}},"1":{"start":{"line":20,"column":24},"end":{"line":20,"column":null}},"2":{"start":{"line":27,"column":2},"end":{"line":27,"column":null}},"3":{"start":{"line":27,"column":18},"end":{"line":27,"column":null}},"4":{"start":{"line":30,"column":22},"end":{"line":30,"column":null}},"5":{"start":{"line":32,"column":2},"end":{"line":32,"column":null}},"6":{"start":{"line":39,"column":41},"end":{"line":46,"column":null}},"7":{"start":{"line":48,"column":22},"end":{"line":48,"column":null}},"8":{"start":{"line":49,"column":2},"end":{"line":49,"column":null}}},"fnMap":{"0":{"name":"getErrorMessage","decl":{"start":{"line":26,"column":16},"end":{"line":26,"column":32}},"loc":{"start":{"line":26,"column":62},"end":{"line":32,"column":null}},"line":26},"1":{"name":"getErrorLabel","decl":{"start":{"line":38,"column":16},"end":{"line":38,"column":30}},"loc":{"start":{"line":38,"column":60},"end":{"line":49,"column":null}},"line":38}},"branchMap":{"0":{"loc":{"start":{"line":27,"column":2},"end":{"line":27,"column":null}},"type":"if","locations":[{"start":{"line":27,"column":2},"end":{"line":27,"column":null}},{"start":{},"end":{}}],"line":27},"1":{"loc":{"start":{"line":30,"column":22},"end":{"line":30,"column":null}},"type":"binary-expr","locations":[{"start":{"line":30,"column":22},"end":{"line":30,"column":48}},{"start":{"line":30,"column":52},"end":{"line":30,"column":null}}],"line":30},"2":{"loc":{"start":{"line":32,"column":9},"end":{"line":32,"column":null}},"type":"binary-expr","locations":[{"start":{"line":32,"column":9},"end":{"line":32,"column":40}},{"start":{"line":32,"column":40},"end":{"line":32,"column":null}}],"line":32},"3":{"loc":{"start":{"line":48,"column":22},"end":{"line":48,"column":null}},"type":"binary-expr","locations":[{"start":{"line":48,"column":22},"end":{"line":48,"column":48}},{"start":{"line":48,"column":52},"end":{"line":48,"column":null}}],"line":48},"4":{"loc":{"start":{"line":49,"column":9},"end":{"line":49,"column":null}},"type":"binary-expr","locations":[{"start":{"line":49,"column":9},"end":{"line":49,"column":32}},{"start":{"line":49,"column":32},"end":{"line":49,"column":null}}],"line":49}},"s":{"0":1,"1":1,"2":8,"3":1,"4":7,"5":8,"6":3,"7":3,"8":3},"f":{"0":8,"1":3},"b":{"0":[1,7],"1":[7,0],"2":[8,1],"3":[3,0],"4":[3,1]},"meta":{"lastBranch":5,"lastFunction":2,"lastStatement":9,"seen":{"s:8:47:18:Infinity":0,"s:20:24:20:Infinity":1,"f:26:16:26:32":0,"b:27:2:27:Infinity:undefined:undefined:undefined:undefined":0,"s:27:2:27:Infinity":2,"s:27:18:27:Infinity":3,"s:30:22:30:Infinity":4,"b:30:22:30:48:30:52:30:Infinity":1,"s:32:2:32:Infinity":5,"b:32:9:32:40:32:40:32:Infinity":2,"f:38:16:38:30":1,"s:39:41:46:Infinity":6,"s:48:22:48:Infinity":7,"b:48:22:48:48:48:52:48:Infinity":3,"s:49:2:49:Infinity":8,"b:49:9:49:32:49:32:49:Infinity":4}}}
}
